dictionary formed:
new_timeline_3rd_friends_debug.txt
Traceback (most recent call last):
  File "/net/data/twitter-viewing/crawl/dist_crawler_clear/crawler/Data_ana/format_timelines.py", line 108, in <module>
    main(sys.argv[1], sys.argv[2], sys.argv[3])
  File "/net/data/twitter-viewing/crawl/dist_crawler_clear/crawler/Data_ana/format_timelines.py", line 95, in main
    steam_file(out_users, friends_to_user, indir, outdir)
  File "/net/data/twitter-viewing/crawl/dist_crawler_clear/crawler/Data_ana/format_timelines.py", line 78, in steam_file
    for interested_user in friends_to_user[uid]:
KeyError: '744075828'
dictionary formed:
new_timeline_3rd_friends_debug.txt
Traceback (most recent call last):
  File "/net/data/twitter-viewing/crawl/dist_crawler_clear/crawler/Data_ana/format_timelines.py", line 108, in <module>
    main(sys.argv[1], sys.argv[2], sys.argv[3])
  File "/net/data/twitter-viewing/crawl/dist_crawler_clear/crawler/Data_ana/format_timelines.py", line 95, in main
    steam_file(out_users, friends_to_user, indir, outdir)
  File "/net/data/twitter-viewing/crawl/dist_crawler_clear/crawler/Data_ana/format_timelines.py", line 78, in steam_file
    for interested_user in friends_to_user[uid]:
KeyError: '744075828'
dictionary formed:
new_timeline_3rd_friends_debug.txt
Traceback (most recent call last):
  File "/net/data/twitter-viewing/crawl/dist_crawler_clear/crawler/Data_ana/format_timelines.py", line 108, in <module>
    main(sys.argv[1], sys.argv[2], sys.argv[3])
  File "/net/data/twitter-viewing/crawl/dist_crawler_clear/crawler/Data_ana/format_timelines.py", line 95, in main
    steam_file(out_users, friends_to_user, indir, outdir)
  File "/net/data/twitter-viewing/crawl/dist_crawler_clear/crawler/Data_ana/format_timelines.py", line 78, in steam_file
    for interested_user in friends_to_user[uid]:
KeyError: '744075828'
dictionary formed:
new_timeline_3rd_friends_debug.txt
Traceback (most recent call last):
  File "/net/data/twitter-viewing/crawl/dist_crawler_clear/crawler/Data_ana/format_timelines.py", line 108, in <module>
    main(sys.argv[1], sys.argv[2], sys.argv[3])
  File "/net/data/twitter-viewing/crawl/dist_crawler_clear/crawler/Data_ana/format_timelines.py", line 95, in main
    steam_file(out_users, friends_to_user, indir, outdir)
  File "/net/data/twitter-viewing/crawl/dist_crawler_clear/crawler/Data_ana/format_timelines.py", line 78, in steam_file
    for interested_user in friends_to_user[uid]:
KeyError: '744075828'
dictionary formed:
new_timeline_3rd_friends_debug.txt
Traceback (most recent call last):
  File "/net/data/twitter-viewing/crawl/dist_crawler_clear/crawler/Data_ana/format_timelines.py", line 108, in <module>
    main(sys.argv[1], sys.argv[2], sys.argv[3])
  File "/net/data/twitter-viewing/crawl/dist_crawler_clear/crawler/Data_ana/format_timelines.py", line 95, in main
    steam_file(out_users, friends_to_user, indir, outdir)
  File "/net/data/twitter-viewing/crawl/dist_crawler_clear/crawler/Data_ana/format_timelines.py", line 78, in steam_file
    for interested_user in friends_to_user[uid]:
KeyError: '744075828'
dictionary formed:
new_timeline_3rd_friends_debug.txt
Traceback (most recent call last):
  File "/net/data/twitter-viewing/crawl/dist_crawler_clear/crawler/Data_ana/format_timelines.py", line 108, in <module>
    main(sys.argv[1], sys.argv[2], sys.argv[3])
  File "/net/data/twitter-viewing/crawl/dist_crawler_clear/crawler/Data_ana/format_timelines.py", line 95, in main
    steam_file(out_users, friends_to_user, indir, outdir)
  File "/net/data/twitter-viewing/crawl/dist_crawler_clear/crawler/Data_ana/format_timelines.py", line 78, in steam_file
    for interested_user in friends_to_user[uid]:
KeyError: '744075828'
dictionary formed:
new_timeline_3rd_friends_debug.txt
Traceback (most recent call last):
  File "/net/data/twitter-viewing/crawl/dist_crawler_clear/crawler/Data_ana/format_timelines.py", line 108, in <module>
    main(sys.argv[1], sys.argv[2], sys.argv[3])
  File "/net/data/twitter-viewing/crawl/dist_crawler_clear/crawler/Data_ana/format_timelines.py", line 95, in main
    steam_file(out_users, friends_to_user, indir, outdir)
  File "/net/data/twitter-viewing/crawl/dist_crawler_clear/crawler/Data_ana/format_timelines.py", line 78, in steam_file
    for interested_user in friends_to_user[uid]:
KeyError: '744075828'
dictionary formed:
new_timeline_3rd_friends_debug.txt
Traceback (most recent call last):
  File "/net/data/twitter-viewing/crawl/dist_crawler_clear/crawler/Data_ana/format_timelines.py", line 108, in <module>
    main(sys.argv[1], sys.argv[2], sys.argv[3])
  File "/net/data/twitter-viewing/crawl/dist_crawler_clear/crawler/Data_ana/format_timelines.py", line 95, in main
    steam_file(out_users, friends_to_user, indir, outdir)
  File "/net/data/twitter-viewing/crawl/dist_crawler_clear/crawler/Data_ana/format_timelines.py", line 78, in steam_file
    for interested_user in friends_to_user[uid]:
KeyError: '744075828'
dictionary formed:
new_timeline_3rd_friends_debug.txt
Traceback (most recent call last):
  File "/net/data/twitter-viewing/crawl/dist_crawler_clear/crawler/Data_ana/format_timelines.py", line 108, in <module>
    main(sys.argv[1], sys.argv[2], sys.argv[3])
  File "/net/data/twitter-viewing/crawl/dist_crawler_clear/crawler/Data_ana/format_timelines.py", line 95, in main
    steam_file(out_users, friends_to_user, indir, outdir)
  File "/net/data/twitter-viewing/crawl/dist_crawler_clear/crawler/Data_ana/format_timelines.py", line 78, in steam_file
    for interested_user in friends_to_user[uid]:
KeyError: '744075828'
dictionary formed:
new_timeline_3rd_friends_debug.txt
Traceback (most recent call last):
  File "/net/data/twitter-viewing/crawl/dist_crawler_clear/crawler/Data_ana/format_timelines.py", line 108, in <module>
    main(sys.argv[1], sys.argv[2], sys.argv[3])
  File "/net/data/twitter-viewing/crawl/dist_crawler_clear/crawler/Data_ana/format_timelines.py", line 95, in main
    steam_file(out_users, friends_to_user, indir, outdir)
  File "/net/data/twitter-viewing/crawl/dist_crawler_clear/crawler/Data_ana/format_timelines.py", line 78, in steam_file
    for interested_user in friends_to_user[uid]:
KeyError: '744075828'
i = 
0
['ssh', 'achtung02', '/net/data/twitter-viewing/crawl/dist_crawler_clear/crawler/Data_ana/format_timelines.py', '/net/data/twitter-viewing/crawl/dist_crawler_clear/crawler/friends_timeline/', '/net/data/twitter-viewing/crawl/dist_crawler_clear/crawler/friends_timeline_arr/', '0']
i = 
1
['ssh', 'achtung03', '/net/data/twitter-viewing/crawl/dist_crawler_clear/crawler/Data_ana/format_timelines.py', '/net/data/twitter-viewing/crawl/dist_crawler_clear/crawler/friends_timeline/', '/net/data/twitter-viewing/crawl/dist_crawler_clear/crawler/friends_timeline_arr/', '1']
i = 
2
['ssh', 'achtung04', '/net/data/twitter-viewing/crawl/dist_crawler_clear/crawler/Data_ana/format_timelines.py', '/net/data/twitter-viewing/crawl/dist_crawler_clear/crawler/friends_timeline/', '/net/data/twitter-viewing/crawl/dist_crawler_clear/crawler/friends_timeline_arr/', '2']
i = 
3
['ssh', 'achtung05', '/net/data/twitter-viewing/crawl/dist_crawler_clear/crawler/Data_ana/format_timelines.py', '/net/data/twitter-viewing/crawl/dist_crawler_clear/crawler/friends_timeline/', '/net/data/twitter-viewing/crawl/dist_crawler_clear/crawler/friends_timeline_arr/', '3']
i = 
4
['ssh', 'achtung06', '/net/data/twitter-viewing/crawl/dist_crawler_clear/crawler/Data_ana/format_timelines.py', '/net/data/twitter-viewing/crawl/dist_crawler_clear/crawler/friends_timeline/', '/net/data/twitter-viewing/crawl/dist_crawler_clear/crawler/friends_timeline_arr/', '4']
i = 
5
['ssh', 'achtung07', '/net/data/twitter-viewing/crawl/dist_crawler_clear/crawler/Data_ana/format_timelines.py', '/net/data/twitter-viewing/crawl/dist_crawler_clear/crawler/friends_timeline/', '/net/data/twitter-viewing/crawl/dist_crawler_clear/crawler/friends_timeline_arr/', '5']
i = 
6
['ssh', 'achtung08', '/net/data/twitter-viewing/crawl/dist_crawler_clear/crawler/Data_ana/format_timelines.py', '/net/data/twitter-viewing/crawl/dist_crawler_clear/crawler/friends_timeline/', '/net/data/twitter-viewing/crawl/dist_crawler_clear/crawler/friends_timeline_arr/', '6']
i = 
7
['ssh', 'achtung09', '/net/data/twitter-viewing/crawl/dist_crawler_clear/crawler/Data_ana/format_timelines.py', '/net/data/twitter-viewing/crawl/dist_crawler_clear/crawler/friends_timeline/', '/net/data/twitter-viewing/crawl/dist_crawler_clear/crawler/friends_timeline_arr/', '7']
i = 
8
['ssh', 'achtung10', '/net/data/twitter-viewing/crawl/dist_crawler_clear/crawler/Data_ana/format_timelines.py', '/net/data/twitter-viewing/crawl/dist_crawler_clear/crawler/friends_timeline/', '/net/data/twitter-viewing/crawl/dist_crawler_clear/crawler/friends_timeline_arr/', '8']
i = 
9
['ssh', 'achtung11', '/net/data/twitter-viewing/crawl/dist_crawler_clear/crawler/Data_ana/format_timelines.py', '/net/data/twitter-viewing/crawl/dist_crawler_clear/crawler/friends_timeline/', '/net/data/twitter-viewing/crawl/dist_crawler_clear/crawler/friends_timeline_arr/', '9']
9092
dictionary formed:
new_timeline_3rd_friends_debug.txt
new_timeline_complete_friends.txt
new_timeline_complete_friends2.txt
new_timeline_complete_friends3.txt
new_timeline_complete_friends4.txt
new_timeline_complete_friends5.txt
new_timeline_complete_friends6.txt
new_timeline_complete_friends7.txt
new_timeline_complete_friends8.txt
new_timeline_complete_friends9.txt
new_timeline_complete_friends10.txt
new_timeline_2nd_friends.txt
new_timeline_2nd_friends1.txt
new_timeline_2nd_friends2.txt
new_timeline_2nd_friends3.txt
new_timeline_3rd_friends.txt
new_timeline_12th_friends_debug.txt
new_timeline_8th_friends_debug.txt
new_timeline_10th_friends_debug.txt
new_timeline_13th_friends_debug.txt
new_timeline_7th_friends_debug.txt
new_timeline_4th_friends_debug.txt
new_timeline_5th_friends_debug.txt
new_timeline_11th_friends_debug.txt
new_timeline_9th_friends_debug.txt
new_timeline_6th_friends_debug.txt
machine job done:3
9092
dictionary formed:
new_timeline_3rd_friends_debug.txt
new_timeline_complete_friends.txt
new_timeline_complete_friends2.txt
new_timeline_complete_friends3.txt
new_timeline_complete_friends4.txt
new_timeline_complete_friends5.txt
new_timeline_complete_friends6.txt
new_timeline_complete_friends7.txt
new_timeline_complete_friends8.txt
new_timeline_complete_friends9.txt
new_timeline_complete_friends10.txt
new_timeline_2nd_friends.txt
new_timeline_2nd_friends1.txt
new_timeline_2nd_friends2.txt
new_timeline_2nd_friends3.txt
new_timeline_3rd_friends.txt
new_timeline_12th_friends_debug.txt
new_timeline_8th_friends_debug.txt
new_timeline_10th_friends_debug.txt
new_timeline_13th_friends_debug.txt
new_timeline_7th_friends_debug.txt
new_timeline_4th_friends_debug.txt
new_timeline_5th_friends_debug.txt
new_timeline_11th_friends_debug.txt
new_timeline_9th_friends_debug.txt
new_timeline_6th_friends_debug.txt
machine job done:2
9092
dictionary formed:
new_timeline_3rd_friends_debug.txt
new_timeline_complete_friends.txt
new_timeline_complete_friends2.txt
new_timeline_complete_friends3.txt
new_timeline_complete_friends4.txt
new_timeline_complete_friends5.txt
new_timeline_complete_friends6.txt
new_timeline_complete_friends7.txt
new_timeline_complete_friends8.txt
new_timeline_complete_friends9.txt
new_timeline_complete_friends10.txt
new_timeline_2nd_friends.txt
new_timeline_2nd_friends1.txt
new_timeline_2nd_friends2.txt
new_timeline_2nd_friends3.txt
new_timeline_3rd_friends.txt
new_timeline_12th_friends_debug.txt
new_timeline_8th_friends_debug.txt
new_timeline_10th_friends_debug.txt
new_timeline_13th_friends_debug.txt
new_timeline_7th_friends_debug.txt
new_timeline_4th_friends_debug.txt
new_timeline_5th_friends_debug.txt
new_timeline_11th_friends_debug.txt
new_timeline_9th_friends_debug.txt
new_timeline_6th_friends_debug.txt
machine job done:8
9092
dictionary formed:
new_timeline_3rd_friends_debug.txt
new_timeline_complete_friends.txt
new_timeline_complete_friends2.txt
new_timeline_complete_friends3.txt
new_timeline_complete_friends4.txt
new_timeline_complete_friends5.txt
new_timeline_complete_friends6.txt
new_timeline_complete_friends7.txt
new_timeline_complete_friends8.txt
new_timeline_complete_friends9.txt
new_timeline_complete_friends10.txt
new_timeline_2nd_friends.txt
new_timeline_2nd_friends1.txt
new_timeline_2nd_friends2.txt
new_timeline_2nd_friends3.txt
new_timeline_3rd_friends.txt
new_timeline_12th_friends_debug.txt
new_timeline_8th_friends_debug.txt
new_timeline_10th_friends_debug.txt
new_timeline_13th_friends_debug.txt
new_timeline_7th_friends_debug.txt
new_timeline_4th_friends_debug.txt
new_timeline_5th_friends_debug.txt
new_timeline_11th_friends_debug.txt
new_timeline_9th_friends_debug.txt
new_timeline_6th_friends_debug.txt
machine job done:1
9092
dictionary formed:
new_timeline_3rd_friends_debug.txt
new_timeline_complete_friends.txt
new_timeline_complete_friends2.txt
new_timeline_complete_friends3.txt
new_timeline_complete_friends4.txt
new_timeline_complete_friends5.txt
new_timeline_complete_friends6.txt
new_timeline_complete_friends7.txt
new_timeline_complete_friends8.txt
new_timeline_complete_friends9.txt
new_timeline_complete_friends10.txt
new_timeline_2nd_friends.txt
new_timeline_2nd_friends1.txt
new_timeline_2nd_friends2.txt
new_timeline_2nd_friends3.txt
new_timeline_3rd_friends.txt
new_timeline_12th_friends_debug.txt
new_timeline_8th_friends_debug.txt
new_timeline_10th_friends_debug.txt
new_timeline_13th_friends_debug.txt
new_timeline_7th_friends_debug.txt
new_timeline_4th_friends_debug.txt
new_timeline_5th_friends_debug.txt
new_timeline_11th_friends_debug.txt
new_timeline_9th_friends_debug.txt
new_timeline_6th_friends_debug.txt
machine job done:7
9092
dictionary formed:
new_timeline_3rd_friends_debug.txt
new_timeline_complete_friends.txt
new_timeline_complete_friends2.txt
new_timeline_complete_friends3.txt
new_timeline_complete_friends4.txt
new_timeline_complete_friends5.txt
new_timeline_complete_friends6.txt
new_timeline_complete_friends7.txt
new_timeline_complete_friends8.txt
new_timeline_complete_friends9.txt
new_timeline_complete_friends10.txt
new_timeline_2nd_friends.txt
new_timeline_2nd_friends1.txt
new_timeline_2nd_friends2.txt
new_timeline_2nd_friends3.txt
new_timeline_3rd_friends.txt
new_timeline_12th_friends_debug.txt
new_timeline_8th_friends_debug.txt
new_timeline_10th_friends_debug.txt
new_timeline_13th_friends_debug.txt
new_timeline_7th_friends_debug.txt
new_timeline_4th_friends_debug.txt
new_timeline_5th_friends_debug.txt
new_timeline_11th_friends_debug.txt
new_timeline_9th_friends_debug.txt
new_timeline_6th_friends_debug.txt
machine job done:5
9092
dictionary formed:
new_timeline_3rd_friends_debug.txt
new_timeline_complete_friends.txt
new_timeline_complete_friends2.txt
new_timeline_complete_friends3.txt
new_timeline_complete_friends4.txt
new_timeline_complete_friends5.txt
new_timeline_complete_friends6.txt
new_timeline_complete_friends7.txt
new_timeline_complete_friends8.txt
new_timeline_complete_friends9.txt
new_timeline_complete_friends10.txt
new_timeline_2nd_friends.txt
new_timeline_2nd_friends1.txt
new_timeline_2nd_friends2.txt
new_timeline_2nd_friends3.txt
new_timeline_3rd_friends.txt
new_timeline_12th_friends_debug.txt
new_timeline_8th_friends_debug.txt
new_timeline_10th_friends_debug.txt
new_timeline_13th_friends_debug.txt
new_timeline_7th_friends_debug.txt
new_timeline_4th_friends_debug.txt
new_timeline_5th_friends_debug.txt
new_timeline_11th_friends_debug.txt
new_timeline_9th_friends_debug.txt
new_timeline_6th_friends_debug.txt
machine job done:4
9092
dictionary formed:
new_timeline_3rd_friends_debug.txt
new_timeline_complete_friends.txt
new_timeline_complete_friends2.txt
new_timeline_complete_friends3.txt
new_timeline_complete_friends4.txt
new_timeline_complete_friends5.txt
new_timeline_complete_friends6.txt
new_timeline_complete_friends7.txt
new_timeline_complete_friends8.txt
new_timeline_complete_friends9.txt
new_timeline_complete_friends10.txt
new_timeline_2nd_friends.txt
new_timeline_2nd_friends1.txt
new_timeline_2nd_friends2.txt
new_timeline_2nd_friends3.txt
new_timeline_3rd_friends.txt
new_timeline_12th_friends_debug.txt
new_timeline_8th_friends_debug.txt
new_timeline_10th_friends_debug.txt
new_timeline_13th_friends_debug.txt
new_timeline_7th_friends_debug.txt
new_timeline_4th_friends_debug.txt
new_timeline_5th_friends_debug.txt
new_timeline_11th_friends_debug.txt
new_timeline_9th_friends_debug.txt
new_timeline_6th_friends_debug.txt
machine job done:0
9092
dictionary formed:
new_timeline_3rd_friends_debug.txt
new_timeline_complete_friends.txt
new_timeline_complete_friends2.txt
new_timeline_complete_friends3.txt
new_timeline_complete_friends4.txt
new_timeline_complete_friends5.txt
new_timeline_complete_friends6.txt
new_timeline_complete_friends7.txt
new_timeline_complete_friends8.txt
new_timeline_complete_friends9.txt
new_timeline_complete_friends10.txt
new_timeline_2nd_friends.txt
new_timeline_2nd_friends1.txt
new_timeline_2nd_friends2.txt
new_timeline_2nd_friends3.txt
new_timeline_3rd_friends.txt
new_timeline_12th_friends_debug.txt
new_timeline_8th_friends_debug.txt
new_timeline_10th_friends_debug.txt
new_timeline_13th_friends_debug.txt
new_timeline_7th_friends_debug.txt
new_timeline_4th_friends_debug.txt
new_timeline_5th_friends_debug.txt
new_timeline_11th_friends_debug.txt
new_timeline_9th_friends_debug.txt
new_timeline_6th_friends_debug.txt
machine job done:6
9092
dictionary formed:
new_timeline_3rd_friends_debug.txt
new_timeline_complete_friends.txt
new_timeline_complete_friends2.txt
new_timeline_complete_friends3.txt
new_timeline_complete_friends4.txt
new_timeline_complete_friends5.txt
new_timeline_complete_friends6.txt
new_timeline_complete_friends7.txt
new_timeline_complete_friends8.txt
new_timeline_complete_friends9.txt
new_timeline_complete_friends10.txt
new_timeline_2nd_friends.txt
new_timeline_2nd_friends1.txt
new_timeline_2nd_friends2.txt
new_timeline_2nd_friends3.txt
new_timeline_3rd_friends.txt
new_timeline_12th_friends_debug.txt
new_timeline_8th_friends_debug.txt
new_timeline_10th_friends_debug.txt
new_timeline_13th_friends_debug.txt
new_timeline_7th_friends_debug.txt
new_timeline_4th_friends_debug.txt
new_timeline_5th_friends_debug.txt
new_timeline_11th_friends_debug.txt
new_timeline_9th_friends_debug.txt
new_timeline_6th_friends_debug.txt
machine job done:9
i = 
0
['ssh', 'achtung02', '/net/data/twitter-viewing/crawl/dist_crawler_clear/crawler/Data_ana/format_timelines.py', '/net/data/twitter-viewing/crawl/dist_crawler_clear/crawler/friends_timeline/', '/net/data/twitter-viewing/crawl/dist_crawler_clear/crawler/friends_timeline_arr/', '0']
i = 
1
['ssh', 'achtung03', '/net/data/twitter-viewing/crawl/dist_crawler_clear/crawler/Data_ana/format_timelines.py', '/net/data/twitter-viewing/crawl/dist_crawler_clear/crawler/friends_timeline/', '/net/data/twitter-viewing/crawl/dist_crawler_clear/crawler/friends_timeline_arr/', '1']
i = 
2
['ssh', 'achtung04', '/net/data/twitter-viewing/crawl/dist_crawler_clear/crawler/Data_ana/format_timelines.py', '/net/data/twitter-viewing/crawl/dist_crawler_clear/crawler/friends_timeline/', '/net/data/twitter-viewing/crawl/dist_crawler_clear/crawler/friends_timeline_arr/', '2']
i = 
3
['ssh', 'achtung05', '/net/data/twitter-viewing/crawl/dist_crawler_clear/crawler/Data_ana/format_timelines.py', '/net/data/twitter-viewing/crawl/dist_crawler_clear/crawler/friends_timeline/', '/net/data/twitter-viewing/crawl/dist_crawler_clear/crawler/friends_timeline_arr/', '3']
i = 
4
['ssh', 'achtung06', '/net/data/twitter-viewing/crawl/dist_crawler_clear/crawler/Data_ana/format_timelines.py', '/net/data/twitter-viewing/crawl/dist_crawler_clear/crawler/friends_timeline/', '/net/data/twitter-viewing/crawl/dist_crawler_clear/crawler/friends_timeline_arr/', '4']
i = 
5
['ssh', 'achtung07', '/net/data/twitter-viewing/crawl/dist_crawler_clear/crawler/Data_ana/format_timelines.py', '/net/data/twitter-viewing/crawl/dist_crawler_clear/crawler/friends_timeline/', '/net/data/twitter-viewing/crawl/dist_crawler_clear/crawler/friends_timeline_arr/', '5']
i = 
6
['ssh', 'achtung08', '/net/data/twitter-viewing/crawl/dist_crawler_clear/crawler/Data_ana/format_timelines.py', '/net/data/twitter-viewing/crawl/dist_crawler_clear/crawler/friends_timeline/', '/net/data/twitter-viewing/crawl/dist_crawler_clear/crawler/friends_timeline_arr/', '6']
i = 
7
['ssh', 'achtung09', '/net/data/twitter-viewing/crawl/dist_crawler_clear/crawler/Data_ana/format_timelines.py', '/net/data/twitter-viewing/crawl/dist_crawler_clear/crawler/friends_timeline/', '/net/data/twitter-viewing/crawl/dist_crawler_clear/crawler/friends_timeline_arr/', '7']
i = 
8
['ssh', 'achtung10', '/net/data/twitter-viewing/crawl/dist_crawler_clear/crawler/Data_ana/format_timelines.py', '/net/data/twitter-viewing/crawl/dist_crawler_clear/crawler/friends_timeline/', '/net/data/twitter-viewing/crawl/dist_crawler_clear/crawler/friends_timeline_arr/', '8']
i = 
9
['ssh', 'achtung11', '/net/data/twitter-viewing/crawl/dist_crawler_clear/crawler/Data_ana/format_timelines.py', '/net/data/twitter-viewing/crawl/dist_crawler_clear/crawler/friends_timeline/', '/net/data/twitter-viewing/crawl/dist_crawler_clear/crawler/friends_timeline_arr/', '9']
